<?xml version="1.0" encoding="UTF-8"?>
<testng-results ignored="0" total="1" passed="1" failed="0" skipped="0">
  <reporter-output>
  </reporter-output>
  <suite started-at="2024-04-22T22:18:08 IST" name="Default suite" finished-at="2024-04-22T22:19:28 IST" duration-ms="79361">
    <groups>
    </groups>
    <test started-at="2024-04-22T22:18:08 IST" name="Default test" finished-at="2024-04-22T22:19:28 IST" duration-ms="79361">
      <class name="ayushtesting.AppiumTesting.ecommerce_testcase5_for_browser_testing">
        <test-method is-config="true" signature="AppiumConfiguration()[pri:0, instance:ayushtesting.AppiumTesting.ecommerce_testcase5_for_browser_testing@815b41f]" started-at="2024-04-22T22:18:09 IST" name="AppiumConfiguration" finished-at="2024-04-22T22:19:17 IST" duration-ms="68561" status="PASS">
          <reporter-output>
          </reporter-output>
        </test-method> <!-- AppiumConfiguration -->
        <test-method signature="browsertest()[pri:0, instance:ayushtesting.AppiumTesting.ecommerce_testcase5_for_browser_testing@815b41f]" started-at="2024-04-22T22:19:17 IST" name="browsertest" finished-at="2024-04-22T22:19:27 IST" duration-ms="9445" status="PASS">
          <reporter-output>
          </reporter-output>
        </test-method> <!-- browsertest -->
        <test-method is-config="true" signature="ClosingTheApplication()[pri:0, instance:ayushtesting.AppiumTesting.ecommerce_testcase5_for_browser_testing@815b41f]" started-at="2024-04-22T22:19:27 IST" name="ClosingTheApplication" finished-at="2024-04-22T22:19:28 IST" duration-ms="1254" status="PASS">
          <reporter-output>
          </reporter-output>
        </test-method> <!-- ClosingTheApplication -->
      </class> <!-- ayushtesting.AppiumTesting.ecommerce_testcase5_for_browser_testing -->
    </test> <!-- Default test -->
  </suite> <!-- Default suite -->
</testng-results>
